Arguments: 
  /usr/local/bin/node /usr/local/bin/yarn add nuxt: ^2.12.2

PATH: 
  /usr/local/sbin:/Library/Frameworks/Python.framework/Versions/3.6/bin:/opt/local/bin:/opt/local/sbin:/Users/guoke/Downloads/GIT-TF/git-tf/:/Applications/Xcode.app/Contents/Developer/usr/libexec/git-core/:/Library/Java/JavaVirtualMachines/jdk1.8.0_121.jdk/Contents/Home/bin:/usr/local/bin:/usr/bin:/bin:/usr/sbin:/sbin:/Applications/Wireshark.app/Contents/MacOS:/Users/guoke/Desktop/nuxt/node_modules/.bin:/Users/guoke/Downloads/AndroidSDK/SDK/tools:/Users/guoke/Downloads/AndroidSDK/SDK/platform-tools::/Users/guoke/gradle/gradle-2.14.1/bin

Yarn version: 
  1.22.10

Node version: 
  14.16.0

Platform: 
  darwin x64

Trace: 
  Error: Invalid URL
      at module.exports.module.exports (/usr/local/lib/node_modules/yarn/lib/cli.js:71821:9)
      at urlParts (/usr/local/lib/node_modules/yarn/lib/cli.js:31614:75)
      at NpmRegistry.isRequestToRegistry (/usr/local/lib/node_modules/yarn/lib/cli.js:31657:19)
      at NpmRegistry.<anonymous> (/usr/local/lib/node_modules/yarn/lib/cli.js:31689:31)
      at Generator.next (<anonymous>)
      at step (/usr/local/lib/node_modules/yarn/lib/cli.js:310:30)
      at /usr/local/lib/node_modules/yarn/lib/cli.js:328:14
      at new Promise (<anonymous>)
      at new F (/usr/local/lib/node_modules/yarn/lib/cli.js:5301:28)
      at NpmRegistry.<anonymous> (/usr/local/lib/node_modules/yarn/lib/cli.js:307:12)

npm manifest: 
  {
    "name": "nuxt",
    "version": "1.0.0",
    "main": "index.js",
    "license": "MIT",
    "scripts": {
      "dev": "nuxt"
    },
    "devDependencies": {}
  }

yarn manifest: 
  No manifest

Lockfile: 
  # THIS IS AN AUTOGENERATED FILE. DO NOT EDIT THIS FILE DIRECTLY.
  # yarn lockfile v1
